<?xml version="1.0" encoding="UTF-8"?>
<testng-results skipped="0" failed="0" ignored="0" total="1" passed="1">
  <reporter-output>
    <line>
      <![CDATA[No of rows are:4        no of cells in 1st row :4]]>
    </line>
  </reporter-output>
  <suite name="Default suite" duration-ms="56565" started-at="2022-04-11T12:53:31Z" finished-at="2022-04-11T12:54:27Z">
    <groups>
    </groups>
    <test name="Default test" duration-ms="56565" started-at="2022-04-11T12:53:31Z" finished-at="2022-04-11T12:54:27Z">
      <class name="DriverFactory.POMEmpDriverScript">
        <test-method status="PASS" signature="adminLogin()[pri:0, instance:DriverFactory.POMEmpDriverScript@14acaea5]" name="adminLogin" is-config="true" duration-ms="11464" started-at="2022-04-11T18:23:31Z" finished-at="2022-04-11T18:23:42Z">
          <reporter-output>
          </reporter-output>
        </test-method> <!-- adminLogin -->
        <test-method status="PASS" signature="validateaddEmp()[pri:0, instance:DriverFactory.POMEmpDriverScript@14acaea5]" name="validateaddEmp" duration-ms="43163" started-at="2022-04-11T18:23:42Z" finished-at="2022-04-11T18:24:26Z">
          <reporter-output>
            <line>
              <![CDATA[No of rows are:4        no of cells in 1st row :4]]>
            </line>
          </reporter-output>
        </test-method> <!-- validateaddEmp -->
        <test-method status="PASS" signature="teardown()[pri:0, instance:DriverFactory.POMEmpDriverScript@14acaea5]" name="teardown" is-config="true" duration-ms="1925" started-at="2022-04-11T18:24:26Z" finished-at="2022-04-11T18:24:27Z">
          <reporter-output>
          </reporter-output>
        </test-method> <!-- teardown -->
      </class> <!-- DriverFactory.POMEmpDriverScript -->
    </test> <!-- Default test -->
  </suite> <!-- Default suite -->
</testng-results>
